<?xml version="1.0" encoding="UTF-8"?>
<!-- Generated by org.testng.reporters.JUnitXMLReporter -->
<testsuite ignored="2" hostname="DESKTOP-QTOF8K9" failures="0" tests="3" name="Test" time="0.09" errors="0" timestamp="2024-12-05T12:17:01 IST">
  <testcase classname="TestNg.Testnggrouping" name="main1" time="0.023"/>
  <testcase classname="TestNg.Testnggrouping" name="main2" time="0.003"/>
  <testcase classname="TestNg.Testnggrouping" name="main4" time="0.002"/>
  <testcase classname="TestNg.Testnggrouping" name="main5" time="0.0">
    <ignored/>
  </testcase> <!-- main5 -->
  <testcase classname="TestNg.Testnggrouping" name="main3" time="0.0">
    <ignored/>
  </testcase> <!-- main3 -->
</testsuite> <!-- Test -->
