<?xml version="1.0" encoding="UTF-8"?>
<testng-results ignored="0" total="1" passed="1" failed="0" skipped="0">
  <reporter-output>
  </reporter-output>
  <suite started-at="2024-12-26T01:15:50 IST" name="Default suite" finished-at="2024-12-26T01:15:53 IST" duration-ms="3050">
    <groups>
    </groups>
    <test started-at="2024-12-26T01:15:50 IST" name="Default test" finished-at="2024-12-26T01:15:53 IST" duration-ms="3050">
      <class name="Tests.FBlogintest1">
        <test-method is-config="true" signature="setUp()[pri:0, instance:Tests.FBlogintest1@3fc2959f]" started-at="2024-12-26T01:15:50 IST" name="setUp" finished-at="2024-12-26T01:15:52 IST" duration-ms="1650" status="PASS">
          <reporter-output>
          </reporter-output>
        </test-method> <!-- setUp -->
        <test-method is-config="true" signature="url()[pri:0, instance:Tests.FBlogintest1@3fc2959f]" started-at="2024-12-26T01:15:52 IST" name="url" finished-at="2024-12-26T01:15:53 IST" duration-ms="1060" status="PASS">
          <reporter-output>
          </reporter-output>
        </test-method> <!-- url -->
        <test-method signature="testlogin()[pri:0, instance:Tests.FBlogintest1@3fc2959f]" started-at="2024-12-26T01:15:53 IST" name="testlogin" finished-at="2024-12-26T01:15:53 IST" duration-ms="310" status="PASS">
          <reporter-output>
          </reporter-output>
        </test-method> <!-- testlogin -->
      </class> <!-- Tests.FBlogintest1 -->
    </test> <!-- Default test -->
  </suite> <!-- Default suite -->
</testng-results>
